D:\Developments\debundle\debundle\src\utils\getModulePath.js
D:\Developments\debundle\debundle\src\utils\getModulePath.js.map
D:\Developments\debundle\debundle\src\filePathResolver.js
D:\Developments\debundle\debundle\src\filePathResolver.js.map
D:\Developments\debundle\debundle\src\utils\convertToIntegerKey.js
D:\Developments\debundle\debundle\src\utils\convertToIntegerKey.js.map
D:\Developments\debundle\debundle\src\extern\replace-method\index.js
D:\Developments\debundle\debundle\src\extern\replace-method\index.js.map
D:\Developments\debundle\debundle\src\decoders\browserify.js
D:\Developments\debundle\debundle\src\decoders\browserify.js.map
D:\Developments\debundle\debundle\src\decoders\webpack.js
D:\Developments\debundle\debundle\src\decoders\webpack.js.map
D:\Developments\debundle\debundle\src\utils\getModuleLocation.js
D:\Developments\debundle\debundle\src\utils\getModuleLocation.js.map
D:\Developments\debundle\debundle\src\transformRequires.js
D:\Developments\debundle\debundle\src\transformRequires.js.map
D:\Developments\debundle\debundle\src\lookupTable.js
D:\Developments\debundle\debundle\src\lookupTable.js.map
D:\Developments\debundle\debundle\src\index.js
D:\Developments\debundle\debundle\src\index.js.map
D:\Developments\debundle\debundle\src\testHelpers.js
D:\Developments\debundle\debundle\src\testHelpers.js.map
D:\Developments\debundle\debundle\src\transformRequires.spec.js
D:\Developments\debundle\debundle\src\transformRequires.spec.js.map
D:\Developments\debundle\debundle\src\writeToDisk.js
D:\Developments\debundle\debundle\src\writeToDisk.js.map
D:\Developments\debundle\debundle\src\writeToDisk.spec.js
D:\Developments\debundle\debundle\src\writeToDisk.spec.js.map
D:\Developments\debundle\debundle\src\utils\getModuleLocation.spec.js
D:\Developments\debundle\debundle\src\utils\getModuleLocation.spec.js.map
D:\Developments\debundle\debundle\src\extern\replace-method\test-fixture.js
D:\Developments\debundle\debundle\src\extern\replace-method\test-fixture.js.map
D:\Developments\debundle\debundle\src\extern\replace-method\test.js
D:\Developments\debundle\debundle\src\extern\replace-method\test.js.map
D:\Developments\debundle\debundle\src\utils\getModulePath.js
D:\Developments\debundle\debundle\src\utils\getModulePath.js.map
D:\Developments\debundle\debundle\src\filePathResolver.js
D:\Developments\debundle\debundle\src\filePathResolver.js.map
D:\Developments\debundle\debundle\src\utils\convertToIntegerKey.js
D:\Developments\debundle\debundle\src\utils\convertToIntegerKey.js.map
D:\Developments\debundle\debundle\src\extern\replace-method\index.js
D:\Developments\debundle\debundle\src\extern\replace-method\index.js.map
D:\Developments\debundle\debundle\src\decoders\browserify.js
D:\Developments\debundle\debundle\src\decoders\browserify.js.map
D:\Developments\debundle\debundle\src\decoders\webpack.js
D:\Developments\debundle\debundle\src\decoders\webpack.js.map
D:\Developments\debundle\debundle\src\utils\getModuleLocation.js
D:\Developments\debundle\debundle\src\utils\getModuleLocation.js.map
D:\Developments\debundle\debundle\src\transformRequires.js
D:\Developments\debundle\debundle\src\transformRequires.js.map
D:\Developments\debundle\debundle\src\lookupTable.js
D:\Developments\debundle\debundle\src\lookupTable.js.map
D:\Developments\debundle\debundle\src\index.js
D:\Developments\debundle\debundle\src\index.js.map
D:\Developments\debundle\debundle\src\testHelpers.js
D:\Developments\debundle\debundle\src\testHelpers.js.map
D:\Developments\debundle\debundle\src\transformRequires.spec.js
D:\Developments\debundle\debundle\src\transformRequires.spec.js.map
D:\Developments\debundle\debundle\src\writeToDisk.js
D:\Developments\debundle\debundle\src\writeToDisk.js.map
D:\Developments\debundle\debundle\src\writeToDisk.spec.js
D:\Developments\debundle\debundle\src\writeToDisk.spec.js.map
D:\Developments\debundle\debundle\src\utils\getModuleLocation.spec.js
D:\Developments\debundle\debundle\src\utils\getModuleLocation.spec.js.map
D:\Developments\debundle\debundle\src\extern\replace-method\test-fixture.js
D:\Developments\debundle\debundle\src\extern\replace-method\test-fixture.js.map
D:\Developments\debundle\debundle\src\extern\replace-method\test.js
D:\Developments\debundle\debundle\src\extern\replace-method\test.js.map
D:\Developments\debundle\debundle\src\utils\getModulePath.js
D:\Developments\debundle\debundle\src\utils\getModulePath.js.map
D:\Developments\debundle\debundle\src\filePathResolver.js
D:\Developments\debundle\debundle\src\filePathResolver.js.map
D:\Developments\debundle\debundle\src\utils\convertToIntegerKey.js
D:\Developments\debundle\debundle\src\utils\convertToIntegerKey.js.map
D:\Developments\debundle\debundle\src\extern\replace-method\index.js
D:\Developments\debundle\debundle\src\extern\replace-method\index.js.map
D:\Developments\debundle\debundle\src\decoders\browserify.js
D:\Developments\debundle\debundle\src\decoders\browserify.js.map
D:\Developments\debundle\debundle\src\decoders\webpack.js
D:\Developments\debundle\debundle\src\decoders\webpack.js.map
D:\Developments\debundle\debundle\src\utils\getModuleLocation.js
D:\Developments\debundle\debundle\src\utils\getModuleLocation.js.map
D:\Developments\debundle\debundle\src\transformRequires.js
D:\Developments\debundle\debundle\src\transformRequires.js.map
D:\Developments\debundle\debundle\src\lookupTable.js
D:\Developments\debundle\debundle\src\lookupTable.js.map
D:\Developments\debundle\debundle\src\index.js
D:\Developments\debundle\debundle\src\index.js.map
D:\Developments\debundle\debundle\src\testHelpers.js
D:\Developments\debundle\debundle\src\testHelpers.js.map
D:\Developments\debundle\debundle\src\transformRequires.spec.js
D:\Developments\debundle\debundle\src\transformRequires.spec.js.map
D:\Developments\debundle\debundle\src\writeToDisk.js
D:\Developments\debundle\debundle\src\writeToDisk.js.map
D:\Developments\debundle\debundle\src\writeToDisk.spec.js
D:\Developments\debundle\debundle\src\writeToDisk.spec.js.map
D:\Developments\debundle\debundle\src\utils\getModuleLocation.spec.js
D:\Developments\debundle\debundle\src\utils\getModuleLocation.spec.js.map
D:\Developments\debundle\debundle\src\extern\replace-method\test-fixture.js
D:\Developments\debundle\debundle\src\extern\replace-method\test-fixture.js.map
D:\Developments\debundle\debundle\src\extern\replace-method\test.js
D:\Developments\debundle\debundle\src\extern\replace-method\test.js.map
D:\Developments\debundle\debundle\src\utils\getModulePath.js
D:\Developments\debundle\debundle\src\utils\getModulePath.js.map
D:\Developments\debundle\debundle\src\filePathResolver.js
D:\Developments\debundle\debundle\src\filePathResolver.js.map
D:\Developments\debundle\debundle\src\utils\convertToIntegerKey.js
D:\Developments\debundle\debundle\src\utils\convertToIntegerKey.js.map
D:\Developments\debundle\debundle\src\extern\replace-method\index.js
D:\Developments\debundle\debundle\src\extern\replace-method\index.js.map
D:\Developments\debundle\debundle\src\decoders\browserify.js
D:\Developments\debundle\debundle\src\decoders\browserify.js.map
D:\Developments\debundle\debundle\src\decoders\webpack.js
D:\Developments\debundle\debundle\src\decoders\webpack.js.map
D:\Developments\debundle\debundle\src\utils\getModuleLocation.js
D:\Developments\debundle\debundle\src\utils\getModuleLocation.js.map
D:\Developments\debundle\debundle\src\transformRequires.js
D:\Developments\debundle\debundle\src\transformRequires.js.map
D:\Developments\debundle\debundle\src\lookupTable.js
D:\Developments\debundle\debundle\src\lookupTable.js.map
D:\Developments\debundle\debundle\src\index.js
D:\Developments\debundle\debundle\src\index.js.map
D:\Developments\debundle\debundle\src\testHelpers.js
D:\Developments\debundle\debundle\src\testHelpers.js.map
D:\Developments\debundle\debundle\src\transformRequires.spec.js
D:\Developments\debundle\debundle\src\transformRequires.spec.js.map
D:\Developments\debundle\debundle\src\writeToDisk.js
D:\Developments\debundle\debundle\src\writeToDisk.js.map
D:\Developments\debundle\debundle\src\writeToDisk.spec.js
D:\Developments\debundle\debundle\src\writeToDisk.spec.js.map
D:\Developments\debundle\debundle\src\utils\getModuleLocation.spec.js
D:\Developments\debundle\debundle\src\utils\getModuleLocation.spec.js.map
D:\Developments\debundle\debundle\src\extern\replace-method\test-fixture.js
D:\Developments\debundle\debundle\src\extern\replace-method\test-fixture.js.map
D:\Developments\debundle\debundle\src\extern\replace-method\test.js
D:\Developments\debundle\debundle\src\extern\replace-method\test.js.map
D:\Developments\debundle\debundle\src\utils\getModulePath.js
D:\Developments\debundle\debundle\src\utils\getModulePath.js.map
D:\Developments\debundle\debundle\src\filePathResolver.js
D:\Developments\debundle\debundle\src\filePathResolver.js.map
D:\Developments\debundle\debundle\src\utils\convertToIntegerKey.js
D:\Developments\debundle\debundle\src\utils\convertToIntegerKey.js.map
D:\Developments\debundle\debundle\src\extern\replace-method\index.js
D:\Developments\debundle\debundle\src\extern\replace-method\index.js.map
D:\Developments\debundle\debundle\src\decoders\browserify.js
D:\Developments\debundle\debundle\src\decoders\browserify.js.map
D:\Developments\debundle\debundle\src\decoders\webpack.js
D:\Developments\debundle\debundle\src\decoders\webpack.js.map
D:\Developments\debundle\debundle\src\utils\getModuleLocation.js
D:\Developments\debundle\debundle\src\utils\getModuleLocation.js.map
D:\Developments\debundle\debundle\src\transformRequires.js
D:\Developments\debundle\debundle\src\transformRequires.js.map
D:\Developments\debundle\debundle\src\lookupTable.js
D:\Developments\debundle\debundle\src\lookupTable.js.map
D:\Developments\debundle\debundle\src\index.js
D:\Developments\debundle\debundle\src\index.js.map
D:\Developments\debundle\debundle\src\testHelpers.js
D:\Developments\debundle\debundle\src\testHelpers.js.map
D:\Developments\debundle\debundle\src\transformRequires.spec.js
D:\Developments\debundle\debundle\src\transformRequires.spec.js.map
D:\Developments\debundle\debundle\src\writeToDisk.js
D:\Developments\debundle\debundle\src\writeToDisk.js.map
D:\Developments\debundle\debundle\src\writeToDisk.spec.js
D:\Developments\debundle\debundle\src\writeToDisk.spec.js.map
D:\Developments\debundle\debundle\src\utils\getModuleLocation.spec.js
D:\Developments\debundle\debundle\src\utils\getModuleLocation.spec.js.map
D:\Developments\debundle\debundle\src\extern\replace-method\test-fixture.js
D:\Developments\debundle\debundle\src\extern\replace-method\test-fixture.js.map
D:\Developments\debundle\debundle\src\extern\replace-method\test.js
D:\Developments\debundle\debundle\src\extern\replace-method\test.js.map
D:\Developments\debundle\debundle\src\utils\getModulePath.js
D:\Developments\debundle\debundle\src\utils\getModulePath.js.map
D:\Developments\debundle\debundle\src\filePathResolver.js
D:\Developments\debundle\debundle\src\filePathResolver.js.map
D:\Developments\debundle\debundle\src\utils\convertToIntegerKey.js
D:\Developments\debundle\debundle\src\utils\convertToIntegerKey.js.map
D:\Developments\debundle\debundle\src\extern\replace-method\index.js
D:\Developments\debundle\debundle\src\extern\replace-method\index.js.map
D:\Developments\debundle\debundle\src\decoders\browserify.js
D:\Developments\debundle\debundle\src\decoders\browserify.js.map
D:\Developments\debundle\debundle\src\decoders\webpack.js
D:\Developments\debundle\debundle\src\decoders\webpack.js.map
D:\Developments\debundle\debundle\src\utils\getModuleLocation.js
D:\Developments\debundle\debundle\src\utils\getModuleLocation.js.map
D:\Developments\debundle\debundle\src\transformRequires.js
D:\Developments\debundle\debundle\src\transformRequires.js.map
D:\Developments\debundle\debundle\src\lookupTable.js
D:\Developments\debundle\debundle\src\lookupTable.js.map
D:\Developments\debundle\debundle\src\index.js
D:\Developments\debundle\debundle\src\index.js.map
D:\Developments\debundle\debundle\src\testHelpers.js
D:\Developments\debundle\debundle\src\testHelpers.js.map
D:\Developments\debundle\debundle\src\transformRequires.spec.js
D:\Developments\debundle\debundle\src\transformRequires.spec.js.map
D:\Developments\debundle\debundle\src\writeToDisk.js
D:\Developments\debundle\debundle\src\writeToDisk.js.map
D:\Developments\debundle\debundle\src\writeToDisk.spec.js
D:\Developments\debundle\debundle\src\writeToDisk.spec.js.map
D:\Developments\debundle\debundle\src\utils\getModuleLocation.spec.js
D:\Developments\debundle\debundle\src\utils\getModuleLocation.spec.js.map
D:\Developments\debundle\debundle\src\extern\replace-method\test-fixture.js
D:\Developments\debundle\debundle\src\extern\replace-method\test-fixture.js.map
D:\Developments\debundle\debundle\src\extern\replace-method\test.js
D:\Developments\debundle\debundle\src\extern\replace-method\test.js.map
D:\Developments\debundle\debundle\src\utils\getModulePath.js
D:\Developments\debundle\debundle\src\utils\getModulePath.js.map
D:\Developments\debundle\debundle\src\filePathResolver.js
D:\Developments\debundle\debundle\src\filePathResolver.js.map
D:\Developments\debundle\debundle\src\utils\convertToIntegerKey.js
D:\Developments\debundle\debundle\src\utils\convertToIntegerKey.js.map
D:\Developments\debundle\debundle\src\extern\replace-method\index.js
D:\Developments\debundle\debundle\src\extern\replace-method\index.js.map
D:\Developments\debundle\debundle\src\decoders\browserify.js
D:\Developments\debundle\debundle\src\decoders\browserify.js.map
D:\Developments\debundle\debundle\src\decoders\webpack.js
D:\Developments\debundle\debundle\src\decoders\webpack.js.map
D:\Developments\debundle\debundle\src\utils\getModuleLocation.js
D:\Developments\debundle\debundle\src\utils\getModuleLocation.js.map
D:\Developments\debundle\debundle\src\transformRequires.js
D:\Developments\debundle\debundle\src\transformRequires.js.map
D:\Developments\debundle\debundle\src\lookupTable.js
D:\Developments\debundle\debundle\src\lookupTable.js.map
D:\Developments\debundle\debundle\src\index.js
D:\Developments\debundle\debundle\src\index.js.map
D:\Developments\debundle\debundle\src\testHelpers.js
D:\Developments\debundle\debundle\src\testHelpers.js.map
D:\Developments\debundle\debundle\src\transformRequires.spec.js
D:\Developments\debundle\debundle\src\transformRequires.spec.js.map
D:\Developments\debundle\debundle\src\writeToDisk.js
D:\Developments\debundle\debundle\src\writeToDisk.js.map
D:\Developments\debundle\debundle\src\writeToDisk.spec.js
D:\Developments\debundle\debundle\src\writeToDisk.spec.js.map
D:\Developments\debundle\debundle\src\utils\getModuleLocation.spec.js
D:\Developments\debundle\debundle\src\utils\getModuleLocation.spec.js.map
D:\Developments\debundle\debundle\src\extern\replace-method\test-fixture.js
D:\Developments\debundle\debundle\src\extern\replace-method\test-fixture.js.map
D:\Developments\debundle\debundle\src\extern\replace-method\test.js
D:\Developments\debundle\debundle\src\extern\replace-method\test.js.map
D:\Developments\debundle\debundle\src\utils\getModulePath.js
D:\Developments\debundle\debundle\src\utils\getModulePath.js.map
D:\Developments\debundle\debundle\src\filePathResolver.js
D:\Developments\debundle\debundle\src\filePathResolver.js.map
D:\Developments\debundle\debundle\src\utils\convertToIntegerKey.js
D:\Developments\debundle\debundle\src\utils\convertToIntegerKey.js.map
D:\Developments\debundle\debundle\src\extern\replace-method\index.js
D:\Developments\debundle\debundle\src\extern\replace-method\index.js.map
D:\Developments\debundle\debundle\src\decoders\browserify.js
D:\Developments\debundle\debundle\src\decoders\browserify.js.map
D:\Developments\debundle\debundle\src\decoders\webpack.js
D:\Developments\debundle\debundle\src\decoders\webpack.js.map
D:\Developments\debundle\debundle\src\utils\getModuleLocation.js
D:\Developments\debundle\debundle\src\utils\getModuleLocation.js.map
D:\Developments\debundle\debundle\src\transformRequires.js
D:\Developments\debundle\debundle\src\transformRequires.js.map
D:\Developments\debundle\debundle\src\lookupTable.js
D:\Developments\debundle\debundle\src\lookupTable.js.map
D:\Developments\debundle\debundle\src\index.js
D:\Developments\debundle\debundle\src\index.js.map
D:\Developments\debundle\debundle\src\testHelpers.js
D:\Developments\debundle\debundle\src\testHelpers.js.map
D:\Developments\debundle\debundle\src\transformRequires.spec.js
D:\Developments\debundle\debundle\src\transformRequires.spec.js.map
D:\Developments\debundle\debundle\src\writeToDisk.js
D:\Developments\debundle\debundle\src\writeToDisk.js.map
D:\Developments\debundle\debundle\src\writeToDisk.spec.js
D:\Developments\debundle\debundle\src\writeToDisk.spec.js.map
D:\Developments\debundle\debundle\src\utils\getModuleLocation.spec.js
D:\Developments\debundle\debundle\src\utils\getModuleLocation.spec.js.map
D:\Developments\debundle\debundle\src\extern\replace-method\test-fixture.js
D:\Developments\debundle\debundle\src\extern\replace-method\test-fixture.js.map
D:\Developments\debundle\debundle\src\extern\replace-method\test.js
D:\Developments\debundle\debundle\src\extern\replace-method\test.js.map
D:\Developments\debundle\debundle\src\utils\getModulePath.js
D:\Developments\debundle\debundle\src\utils\getModulePath.js.map
D:\Developments\debundle\debundle\src\filePathResolver.js
D:\Developments\debundle\debundle\src\filePathResolver.js.map
D:\Developments\debundle\debundle\src\utils\convertToIntegerKey.js
D:\Developments\debundle\debundle\src\utils\convertToIntegerKey.js.map
D:\Developments\debundle\debundle\src\extern\replace-method\index.js
D:\Developments\debundle\debundle\src\extern\replace-method\index.js.map
D:\Developments\debundle\debundle\src\decoders\browserify.js
D:\Developments\debundle\debundle\src\decoders\browserify.js.map
D:\Developments\debundle\debundle\src\decoders\webpack.js
D:\Developments\debundle\debundle\src\decoders\webpack.js.map
D:\Developments\debundle\debundle\src\utils\getModuleLocation.js
D:\Developments\debundle\debundle\src\utils\getModuleLocation.js.map
D:\Developments\debundle\debundle\src\transformRequires.js
D:\Developments\debundle\debundle\src\transformRequires.js.map
D:\Developments\debundle\debundle\src\lookupTable.js
D:\Developments\debundle\debundle\src\lookupTable.js.map
D:\Developments\debundle\debundle\src\index.js
D:\Developments\debundle\debundle\src\index.js.map
D:\Developments\debundle\debundle\src\testHelpers.js
D:\Developments\debundle\debundle\src\testHelpers.js.map
D:\Developments\debundle\debundle\src\transformRequires.spec.js
D:\Developments\debundle\debundle\src\transformRequires.spec.js.map
D:\Developments\debundle\debundle\src\writeToDisk.js
D:\Developments\debundle\debundle\src\writeToDisk.js.map
D:\Developments\debundle\debundle\src\writeToDisk.spec.js
D:\Developments\debundle\debundle\src\writeToDisk.spec.js.map
D:\Developments\debundle\debundle\src\utils\getModuleLocation.spec.js
D:\Developments\debundle\debundle\src\utils\getModuleLocation.spec.js.map
D:\Developments\debundle\debundle\src\extern\replace-method\test-fixture.js
D:\Developments\debundle\debundle\src\extern\replace-method\test-fixture.js.map
D:\Developments\debundle\debundle\src\extern\replace-method\test.js
D:\Developments\debundle\debundle\src\extern\replace-method\test.js.map
D:\Developments\debundle\debundle\src\utils\getModulePath.js
D:\Developments\debundle\debundle\src\utils\getModulePath.js.map
D:\Developments\debundle\debundle\src\filePathResolver.js
D:\Developments\debundle\debundle\src\filePathResolver.js.map
D:\Developments\debundle\debundle\src\utils\convertToIntegerKey.js
D:\Developments\debundle\debundle\src\utils\convertToIntegerKey.js.map
D:\Developments\debundle\debundle\src\extern\replace-method\index.js
D:\Developments\debundle\debundle\src\extern\replace-method\index.js.map
D:\Developments\debundle\debundle\src\decoders\browserify.js
D:\Developments\debundle\debundle\src\decoders\browserify.js.map
D:\Developments\debundle\debundle\src\decoders\webpack.js
D:\Developments\debundle\debundle\src\decoders\webpack.js.map
D:\Developments\debundle\debundle\src\utils\getModuleLocation.js
D:\Developments\debundle\debundle\src\utils\getModuleLocation.js.map
D:\Developments\debundle\debundle\src\transformRequires.js
D:\Developments\debundle\debundle\src\transformRequires.js.map
D:\Developments\debundle\debundle\src\lookupTable.js
D:\Developments\debundle\debundle\src\lookupTable.js.map
D:\Developments\debundle\debundle\src\index.js
D:\Developments\debundle\debundle\src\index.js.map
D:\Developments\debundle\debundle\src\testHelpers.js
D:\Developments\debundle\debundle\src\testHelpers.js.map
D:\Developments\debundle\debundle\src\transformRequires.spec.js
D:\Developments\debundle\debundle\src\transformRequires.spec.js.map
D:\Developments\debundle\debundle\src\writeToDisk.js
D:\Developments\debundle\debundle\src\writeToDisk.js.map
D:\Developments\debundle\debundle\src\writeToDisk.spec.js
D:\Developments\debundle\debundle\src\writeToDisk.spec.js.map
D:\Developments\debundle\debundle\src\utils\getModuleLocation.spec.js
D:\Developments\debundle\debundle\src\utils\getModuleLocation.spec.js.map
D:\Developments\debundle\debundle\src\extern\replace-method\test-fixture.js
D:\Developments\debundle\debundle\src\extern\replace-method\test-fixture.js.map
D:\Developments\debundle\debundle\src\extern\replace-method\test.js
D:\Developments\debundle\debundle\src\extern\replace-method\test.js.map
D:\Developments\debundle\debundle\src\utils\getModulePath.js
D:\Developments\debundle\debundle\src\utils\getModulePath.js.map
D:\Developments\debundle\debundle\src\filePathResolver.js
D:\Developments\debundle\debundle\src\filePathResolver.js.map
D:\Developments\debundle\debundle\src\utils\convertToIntegerKey.js
D:\Developments\debundle\debundle\src\utils\convertToIntegerKey.js.map
D:\Developments\debundle\debundle\src\extern\replace-method\index.js
D:\Developments\debundle\debundle\src\extern\replace-method\index.js.map
D:\Developments\debundle\debundle\src\decoders\browserify.js
D:\Developments\debundle\debundle\src\decoders\browserify.js.map
D:\Developments\debundle\debundle\src\decoders\webpack.js
D:\Developments\debundle\debundle\src\decoders\webpack.js.map
D:\Developments\debundle\debundle\src\utils\getModuleLocation.js
D:\Developments\debundle\debundle\src\utils\getModuleLocation.js.map
D:\Developments\debundle\debundle\src\transformRequires.js
D:\Developments\debundle\debundle\src\transformRequires.js.map
D:\Developments\debundle\debundle\src\lookupTable.js
D:\Developments\debundle\debundle\src\lookupTable.js.map
D:\Developments\debundle\debundle\src\index.js
D:\Developments\debundle\debundle\src\index.js.map
D:\Developments\debundle\debundle\src\testHelpers.js
D:\Developments\debundle\debundle\src\testHelpers.js.map
D:\Developments\debundle\debundle\src\transformRequires.spec.js
D:\Developments\debundle\debundle\src\transformRequires.spec.js.map
D:\Developments\debundle\debundle\src\writeToDisk.js
D:\Developments\debundle\debundle\src\writeToDisk.js.map
D:\Developments\debundle\debundle\src\writeToDisk.spec.js
D:\Developments\debundle\debundle\src\writeToDisk.spec.js.map
D:\Developments\debundle\debundle\src\utils\getModuleLocation.spec.js
D:\Developments\debundle\debundle\src\utils\getModuleLocation.spec.js.map
D:\Developments\debundle\debundle\src\extern\replace-method\test-fixture.js
D:\Developments\debundle\debundle\src\extern\replace-method\test-fixture.js.map
D:\Developments\debundle\debundle\src\extern\replace-method\test.js
D:\Developments\debundle\debundle\src\extern\replace-method\test.js.map
D:\Developments\debundle\debundle\src\utils\getModulePath.js
D:\Developments\debundle\debundle\src\utils\getModulePath.js.map
D:\Developments\debundle\debundle\src\filePathResolver.js
D:\Developments\debundle\debundle\src\filePathResolver.js.map
D:\Developments\debundle\debundle\src\utils\convertToIntegerKey.js
D:\Developments\debundle\debundle\src\utils\convertToIntegerKey.js.map
D:\Developments\debundle\debundle\src\extern\replace-method\index.js
D:\Developments\debundle\debundle\src\extern\replace-method\index.js.map
D:\Developments\debundle\debundle\src\decoders\browserify.js
D:\Developments\debundle\debundle\src\decoders\browserify.js.map
D:\Developments\debundle\debundle\src\decoders\webpack.js
D:\Developments\debundle\debundle\src\decoders\webpack.js.map
D:\Developments\debundle\debundle\src\utils\getModuleLocation.js
D:\Developments\debundle\debundle\src\utils\getModuleLocation.js.map
D:\Developments\debundle\debundle\src\transformRequires.js
D:\Developments\debundle\debundle\src\transformRequires.js.map
D:\Developments\debundle\debundle\src\lookupTable.js
D:\Developments\debundle\debundle\src\lookupTable.js.map
D:\Developments\debundle\debundle\src\index.js
D:\Developments\debundle\debundle\src\index.js.map
D:\Developments\debundle\debundle\src\testHelpers.js
D:\Developments\debundle\debundle\src\testHelpers.js.map
D:\Developments\debundle\debundle\src\transformRequires.spec.js
D:\Developments\debundle\debundle\src\transformRequires.spec.js.map
D:\Developments\debundle\debundle\src\writeToDisk.js
D:\Developments\debundle\debundle\src\writeToDisk.js.map
D:\Developments\debundle\debundle\src\writeToDisk.spec.js
D:\Developments\debundle\debundle\src\writeToDisk.spec.js.map
D:\Developments\debundle\debundle\src\utils\getModuleLocation.spec.js
D:\Developments\debundle\debundle\src\utils\getModuleLocation.spec.js.map
D:\Developments\debundle\debundle\src\extern\replace-method\test-fixture.js
D:\Developments\debundle\debundle\src\extern\replace-method\test-fixture.js.map
D:\Developments\debundle\debundle\src\extern\replace-method\test.js
D:\Developments\debundle\debundle\src\extern\replace-method\test.js.map
D:\Developments\debundle\debundle\src\utils\getModulePath.js
D:\Developments\debundle\debundle\src\utils\getModulePath.js.map
D:\Developments\debundle\debundle\src\filePathResolver.js
D:\Developments\debundle\debundle\src\filePathResolver.js.map
D:\Developments\debundle\debundle\src\utils\convertToIntegerKey.js
D:\Developments\debundle\debundle\src\utils\convertToIntegerKey.js.map
D:\Developments\debundle\debundle\src\extern\replace-method\index.js
D:\Developments\debundle\debundle\src\extern\replace-method\index.js.map
D:\Developments\debundle\debundle\src\decoders\browserify.js
D:\Developments\debundle\debundle\src\decoders\browserify.js.map
D:\Developments\debundle\debundle\src\decoders\webpack.js
D:\Developments\debundle\debundle\src\decoders\webpack.js.map
D:\Developments\debundle\debundle\src\utils\getModuleLocation.js
D:\Developments\debundle\debundle\src\utils\getModuleLocation.js.map
D:\Developments\debundle\debundle\src\transformRequires.js
D:\Developments\debundle\debundle\src\transformRequires.js.map
D:\Developments\debundle\debundle\src\lookupTable.js
D:\Developments\debundle\debundle\src\lookupTable.js.map
D:\Developments\debundle\debundle\src\index.js
D:\Developments\debundle\debundle\src\index.js.map
D:\Developments\debundle\debundle\src\testHelpers.js
D:\Developments\debundle\debundle\src\testHelpers.js.map
D:\Developments\debundle\debundle\src\transformRequires.spec.js
D:\Developments\debundle\debundle\src\transformRequires.spec.js.map
D:\Developments\debundle\debundle\src\writeToDisk.js
D:\Developments\debundle\debundle\src\writeToDisk.js.map
D:\Developments\debundle\debundle\src\writeToDisk.spec.js
D:\Developments\debundle\debundle\src\writeToDisk.spec.js.map
D:\Developments\debundle\debundle\src\utils\getModuleLocation.spec.js
D:\Developments\debundle\debundle\src\utils\getModuleLocation.spec.js.map
D:\Developments\debundle\debundle\src\extern\replace-method\test-fixture.js
D:\Developments\debundle\debundle\src\extern\replace-method\test-fixture.js.map
D:\Developments\debundle\debundle\src\extern\replace-method\test.js
D:\Developments\debundle\debundle\src\extern\replace-method\test.js.map
D:\Developments\debundle\debundle\src\utils\getModulePath.js
D:\Developments\debundle\debundle\src\utils\getModulePath.js.map
D:\Developments\debundle\debundle\src\filePathResolver.js
D:\Developments\debundle\debundle\src\filePathResolver.js.map
D:\Developments\debundle\debundle\src\utils\convertToIntegerKey.js
D:\Developments\debundle\debundle\src\utils\convertToIntegerKey.js.map
D:\Developments\debundle\debundle\src\extern\replace-method\index.js
D:\Developments\debundle\debundle\src\extern\replace-method\index.js.map
D:\Developments\debundle\debundle\src\decoders\browserify.js
D:\Developments\debundle\debundle\src\decoders\browserify.js.map
D:\Developments\debundle\debundle\src\decoders\webpack.js
D:\Developments\debundle\debundle\src\decoders\webpack.js.map
D:\Developments\debundle\debundle\src\utils\getModuleLocation.js
D:\Developments\debundle\debundle\src\utils\getModuleLocation.js.map
D:\Developments\debundle\debundle\src\transformRequires.js
D:\Developments\debundle\debundle\src\transformRequires.js.map
D:\Developments\debundle\debundle\src\lookupTable.js
D:\Developments\debundle\debundle\src\lookupTable.js.map
D:\Developments\debundle\debundle\src\index.js
D:\Developments\debundle\debundle\src\index.js.map
D:\Developments\debundle\debundle\src\testHelpers.js
D:\Developments\debundle\debundle\src\testHelpers.js.map
D:\Developments\debundle\debundle\src\transformRequires.spec.js
D:\Developments\debundle\debundle\src\transformRequires.spec.js.map
D:\Developments\debundle\debundle\src\writeToDisk.js
D:\Developments\debundle\debundle\src\writeToDisk.js.map
D:\Developments\debundle\debundle\src\writeToDisk.spec.js
D:\Developments\debundle\debundle\src\writeToDisk.spec.js.map
D:\Developments\debundle\debundle\src\utils\getModuleLocation.spec.js
D:\Developments\debundle\debundle\src\utils\getModuleLocation.spec.js.map
D:\Developments\debundle\debundle\src\extern\replace-method\test-fixture.js
D:\Developments\debundle\debundle\src\extern\replace-method\test-fixture.js.map
D:\Developments\debundle\debundle\src\extern\replace-method\test.js
D:\Developments\debundle\debundle\src\extern\replace-method\test.js.map
D:\Developments\debundle\debundle\src\utils\getModulePath.js
D:\Developments\debundle\debundle\src\utils\getModulePath.js.map
D:\Developments\debundle\debundle\src\filePathResolver.js
D:\Developments\debundle\debundle\src\filePathResolver.js.map
D:\Developments\debundle\debundle\src\utils\convertToIntegerKey.js
D:\Developments\debundle\debundle\src\utils\convertToIntegerKey.js.map
D:\Developments\debundle\debundle\src\extern\replace-method\index.js
D:\Developments\debundle\debundle\src\extern\replace-method\index.js.map
D:\Developments\debundle\debundle\src\decoders\browserify.js
D:\Developments\debundle\debundle\src\decoders\browserify.js.map
D:\Developments\debundle\debundle\src\decoders\webpack.js
D:\Developments\debundle\debundle\src\decoders\webpack.js.map
D:\Developments\debundle\debundle\src\utils\getModuleLocation.js
D:\Developments\debundle\debundle\src\utils\getModuleLocation.js.map
D:\Developments\debundle\debundle\src\transformRequires.js
D:\Developments\debundle\debundle\src\transformRequires.js.map
D:\Developments\debundle\debundle\src\lookupTable.js
D:\Developments\debundle\debundle\src\lookupTable.js.map
D:\Developments\debundle\debundle\src\index.js
D:\Developments\debundle\debundle\src\index.js.map
D:\Developments\debundle\debundle\src\testHelpers.js
D:\Developments\debundle\debundle\src\testHelpers.js.map
D:\Developments\debundle\debundle\src\transformRequires.spec.js
D:\Developments\debundle\debundle\src\transformRequires.spec.js.map
D:\Developments\debundle\debundle\src\writeToDisk.js
D:\Developments\debundle\debundle\src\writeToDisk.js.map
D:\Developments\debundle\debundle\src\writeToDisk.spec.js
D:\Developments\debundle\debundle\src\writeToDisk.spec.js.map
D:\Developments\debundle\debundle\src\utils\getModuleLocation.spec.js
D:\Developments\debundle\debundle\src\utils\getModuleLocation.spec.js.map
D:\Developments\debundle\debundle\src\extern\replace-method\test-fixture.js
D:\Developments\debundle\debundle\src\extern\replace-method\test-fixture.js.map
D:\Developments\debundle\debundle\src\extern\replace-method\test.js
D:\Developments\debundle\debundle\src\extern\replace-method\test.js.map
D:\Developments\debundle\debundle\src\utils\getModulePath.js
D:\Developments\debundle\debundle\src\utils\getModulePath.js.map
D:\Developments\debundle\debundle\src\filePathResolver.js
D:\Developments\debundle\debundle\src\filePathResolver.js.map
D:\Developments\debundle\debundle\src\utils\convertToIntegerKey.js
D:\Developments\debundle\debundle\src\utils\convertToIntegerKey.js.map
D:\Developments\debundle\debundle\src\extern\replace-method\index.js
D:\Developments\debundle\debundle\src\extern\replace-method\index.js.map
D:\Developments\debundle\debundle\src\decoders\browserify.js
D:\Developments\debundle\debundle\src\decoders\browserify.js.map
D:\Developments\debundle\debundle\src\decoders\webpack.js
D:\Developments\debundle\debundle\src\decoders\webpack.js.map
D:\Developments\debundle\debundle\src\utils\getModuleLocation.js
D:\Developments\debundle\debundle\src\utils\getModuleLocation.js.map
D:\Developments\debundle\debundle\src\transformRequires.js
D:\Developments\debundle\debundle\src\transformRequires.js.map
D:\Developments\debundle\debundle\src\lookupTable.js
D:\Developments\debundle\debundle\src\lookupTable.js.map
D:\Developments\debundle\debundle\src\writeToDisk.js
D:\Developments\debundle\debundle\src\writeToDisk.js.map
D:\Developments\debundle\debundle\src\index.js
D:\Developments\debundle\debundle\src\index.js.map
D:\Developments\debundle\debundle\src\testHelpers.js
D:\Developments\debundle\debundle\src\testHelpers.js.map
D:\Developments\debundle\debundle\src\transformRequires.spec.js
D:\Developments\debundle\debundle\src\transformRequires.spec.js.map
D:\Developments\debundle\debundle\src\writeToDisk.spec.js
D:\Developments\debundle\debundle\src\writeToDisk.spec.js.map
D:\Developments\debundle\debundle\src\utils\getModuleLocation.spec.js
D:\Developments\debundle\debundle\src\utils\getModuleLocation.spec.js.map
D:\Developments\debundle\debundle\src\extern\replace-method\test-fixture.js
D:\Developments\debundle\debundle\src\extern\replace-method\test-fixture.js.map
D:\Developments\debundle\debundle\src\extern\replace-method\test.js
D:\Developments\debundle\debundle\src\extern\replace-method\test.js.map
D:\Developments\debundle\debundle\src\utils\getModulePath.js
D:\Developments\debundle\debundle\src\utils\getModulePath.js.map
D:\Developments\debundle\debundle\src\filePathResolver.js
D:\Developments\debundle\debundle\src\filePathResolver.js.map
D:\Developments\debundle\debundle\src\utils\convertToIntegerKey.js
D:\Developments\debundle\debundle\src\utils\convertToIntegerKey.js.map
D:\Developments\debundle\debundle\src\extern\replace-method\index.js
D:\Developments\debundle\debundle\src\extern\replace-method\index.js.map
D:\Developments\debundle\debundle\src\decoders\browserify.js
D:\Developments\debundle\debundle\src\decoders\browserify.js.map
D:\Developments\debundle\debundle\src\decoders\webpack.js
D:\Developments\debundle\debundle\src\decoders\webpack.js.map
D:\Developments\debundle\debundle\src\utils\getModuleLocation.js
D:\Developments\debundle\debundle\src\utils\getModuleLocation.js.map
D:\Developments\debundle\debundle\src\transformRequires.js
D:\Developments\debundle\debundle\src\transformRequires.js.map
D:\Developments\debundle\debundle\src\lookupTable.js
D:\Developments\debundle\debundle\src\lookupTable.js.map
D:\Developments\debundle\debundle\src\writeToDisk.js
D:\Developments\debundle\debundle\src\writeToDisk.js.map
D:\Developments\debundle\debundle\src\index.js
D:\Developments\debundle\debundle\src\index.js.map
D:\Developments\debundle\debundle\src\testHelpers.js
D:\Developments\debundle\debundle\src\testHelpers.js.map
D:\Developments\debundle\debundle\src\transformRequires.spec.js
D:\Developments\debundle\debundle\src\transformRequires.spec.js.map
D:\Developments\debundle\debundle\src\writeToDisk.spec.js
D:\Developments\debundle\debundle\src\writeToDisk.spec.js.map
D:\Developments\debundle\debundle\src\utils\getModuleLocation.spec.js
D:\Developments\debundle\debundle\src\utils\getModuleLocation.spec.js.map
D:\Developments\debundle\debundle\src\extern\replace-method\test-fixture.js
D:\Developments\debundle\debundle\src\extern\replace-method\test-fixture.js.map
D:\Developments\debundle\debundle\src\extern\replace-method\test.js
D:\Developments\debundle\debundle\src\extern\replace-method\test.js.map
D:\Developments\debundle\debundle\src\utils\getModulePath.js
D:\Developments\debundle\debundle\src\utils\getModulePath.js.map
D:\Developments\debundle\debundle\src\filePathResolver.js
D:\Developments\debundle\debundle\src\filePathResolver.js.map
D:\Developments\debundle\debundle\src\utils\convertToIntegerKey.js
D:\Developments\debundle\debundle\src\utils\convertToIntegerKey.js.map
D:\Developments\debundle\debundle\src\extern\replace-method\index.js
D:\Developments\debundle\debundle\src\extern\replace-method\index.js.map
D:\Developments\debundle\debundle\src\decoders\browserify.js
D:\Developments\debundle\debundle\src\decoders\browserify.js.map
D:\Developments\debundle\debundle\src\decoders\webpack.js
D:\Developments\debundle\debundle\src\decoders\webpack.js.map
D:\Developments\debundle\debundle\src\utils\getModuleLocation.js
D:\Developments\debundle\debundle\src\utils\getModuleLocation.js.map
D:\Developments\debundle\debundle\src\transformRequires.js
D:\Developments\debundle\debundle\src\transformRequires.js.map
D:\Developments\debundle\debundle\src\lookupTable.js
D:\Developments\debundle\debundle\src\lookupTable.js.map
D:\Developments\debundle\debundle\src\writeToDisk.js
D:\Developments\debundle\debundle\src\writeToDisk.js.map
D:\Developments\debundle\debundle\src\index.js
D:\Developments\debundle\debundle\src\index.js.map
D:\Developments\debundle\debundle\src\testHelpers.js
D:\Developments\debundle\debundle\src\testHelpers.js.map
D:\Developments\debundle\debundle\src\transformRequires.spec.js
D:\Developments\debundle\debundle\src\transformRequires.spec.js.map
D:\Developments\debundle\debundle\src\writeToDisk.spec.js
D:\Developments\debundle\debundle\src\writeToDisk.spec.js.map
D:\Developments\debundle\debundle\src\utils\getModuleLocation.spec.js
D:\Developments\debundle\debundle\src\utils\getModuleLocation.spec.js.map
D:\Developments\debundle\debundle\src\extern\replace-method\test-fixture.js
D:\Developments\debundle\debundle\src\extern\replace-method\test-fixture.js.map
D:\Developments\debundle\debundle\src\extern\replace-method\test.js
D:\Developments\debundle\debundle\src\extern\replace-method\test.js.map
D:\Developments\debundle\debundle\src\utils\getModulePath.js
D:\Developments\debundle\debundle\src\utils\getModulePath.js.map
D:\Developments\debundle\debundle\src\filePathResolver.js
D:\Developments\debundle\debundle\src\filePathResolver.js.map
D:\Developments\debundle\debundle\src\utils\convertToIntegerKey.js
D:\Developments\debundle\debundle\src\utils\convertToIntegerKey.js.map
D:\Developments\debundle\debundle\src\extern\replace-method\index.js
D:\Developments\debundle\debundle\src\extern\replace-method\index.js.map
D:\Developments\debundle\debundle\src\decoders\browserify.js
D:\Developments\debundle\debundle\src\decoders\browserify.js.map
D:\Developments\debundle\debundle\src\decoders\webpack.js
D:\Developments\debundle\debundle\src\decoders\webpack.js.map
D:\Developments\debundle\debundle\src\utils\getModuleLocation.js
D:\Developments\debundle\debundle\src\utils\getModuleLocation.js.map
D:\Developments\debundle\debundle\src\transformRequires.js
D:\Developments\debundle\debundle\src\transformRequires.js.map
D:\Developments\debundle\debundle\src\lookupTable.js
D:\Developments\debundle\debundle\src\lookupTable.js.map
D:\Developments\debundle\debundle\src\writeToDisk.js
D:\Developments\debundle\debundle\src\writeToDisk.js.map
D:\Developments\debundle\debundle\src\index.js
D:\Developments\debundle\debundle\src\index.js.map
D:\Developments\debundle\debundle\src\testHelpers.js
D:\Developments\debundle\debundle\src\testHelpers.js.map
D:\Developments\debundle\debundle\src\transformRequires.spec.js
D:\Developments\debundle\debundle\src\transformRequires.spec.js.map
D:\Developments\debundle\debundle\src\writeToDisk.spec.js
D:\Developments\debundle\debundle\src\writeToDisk.spec.js.map
D:\Developments\debundle\debundle\src\utils\getModuleLocation.spec.js
D:\Developments\debundle\debundle\src\utils\getModuleLocation.spec.js.map
D:\Developments\debundle\debundle\src\extern\replace-method\test-fixture.js
D:\Developments\debundle\debundle\src\extern\replace-method\test-fixture.js.map
D:\Developments\debundle\debundle\src\extern\replace-method\test.js
D:\Developments\debundle\debundle\src\extern\replace-method\test.js.map
D:\Developments\debundle\debundle\src\utils\getModulePath.js
D:\Developments\debundle\debundle\src\utils\getModulePath.js.map
D:\Developments\debundle\debundle\src\filePathResolver.js
D:\Developments\debundle\debundle\src\filePathResolver.js.map
D:\Developments\debundle\debundle\src\utils\convertToIntegerKey.js
D:\Developments\debundle\debundle\src\utils\convertToIntegerKey.js.map
D:\Developments\debundle\debundle\src\extern\replace-method\index.js
D:\Developments\debundle\debundle\src\extern\replace-method\index.js.map
D:\Developments\debundle\debundle\src\decoders\browserify.js
D:\Developments\debundle\debundle\src\decoders\browserify.js.map
D:\Developments\debundle\debundle\src\decoders\webpack.js
D:\Developments\debundle\debundle\src\decoders\webpack.js.map
D:\Developments\debundle\debundle\src\utils\getModuleLocation.js
D:\Developments\debundle\debundle\src\utils\getModuleLocation.js.map
D:\Developments\debundle\debundle\src\transformRequires.js
D:\Developments\debundle\debundle\src\transformRequires.js.map
D:\Developments\debundle\debundle\src\lookupTable.js
D:\Developments\debundle\debundle\src\lookupTable.js.map
D:\Developments\debundle\debundle\src\writeToDisk.js
D:\Developments\debundle\debundle\src\writeToDisk.js.map
D:\Developments\debundle\debundle\src\index.js
D:\Developments\debundle\debundle\src\index.js.map
D:\Developments\debundle\debundle\src\testHelpers.js
D:\Developments\debundle\debundle\src\testHelpers.js.map
D:\Developments\debundle\debundle\src\transformRequires.spec.js
D:\Developments\debundle\debundle\src\transformRequires.spec.js.map
D:\Developments\debundle\debundle\src\writeToDisk.spec.js
D:\Developments\debundle\debundle\src\writeToDisk.spec.js.map
D:\Developments\debundle\debundle\src\utils\getModuleLocation.spec.js
D:\Developments\debundle\debundle\src\utils\getModuleLocation.spec.js.map
D:\Developments\debundle\debundle\src\extern\replace-method\test-fixture.js
D:\Developments\debundle\debundle\src\extern\replace-method\test-fixture.js.map
D:\Developments\debundle\debundle\src\extern\replace-method\test.js
D:\Developments\debundle\debundle\src\extern\replace-method\test.js.map
D:\Developments\debundle\debundle\src\utils\getModulePath.js
D:\Developments\debundle\debundle\src\utils\getModulePath.js.map
D:\Developments\debundle\debundle\src\filePathResolver.js
D:\Developments\debundle\debundle\src\filePathResolver.js.map
D:\Developments\debundle\debundle\src\utils\convertToIntegerKey.js
D:\Developments\debundle\debundle\src\utils\convertToIntegerKey.js.map
D:\Developments\debundle\debundle\src\extern\replace-method\index.js
D:\Developments\debundle\debundle\src\extern\replace-method\index.js.map
D:\Developments\debundle\debundle\src\decoders\browserify.js
D:\Developments\debundle\debundle\src\decoders\browserify.js.map
D:\Developments\debundle\debundle\src\decoders\webpack.js
D:\Developments\debundle\debundle\src\decoders\webpack.js.map
D:\Developments\debundle\debundle\src\utils\getModuleLocation.js
D:\Developments\debundle\debundle\src\utils\getModuleLocation.js.map
D:\Developments\debundle\debundle\src\transformRequires.js
D:\Developments\debundle\debundle\src\transformRequires.js.map
D:\Developments\debundle\debundle\src\lookupTable.js
D:\Developments\debundle\debundle\src\lookupTable.js.map
D:\Developments\debundle\debundle\src\writeToDisk.js
D:\Developments\debundle\debundle\src\writeToDisk.js.map
D:\Developments\debundle\debundle\src\index.js
D:\Developments\debundle\debundle\src\index.js.map
D:\Developments\debundle\debundle\src\testHelpers.js
D:\Developments\debundle\debundle\src\testHelpers.js.map
D:\Developments\debundle\debundle\src\transformRequires.spec.js
D:\Developments\debundle\debundle\src\transformRequires.spec.js.map
D:\Developments\debundle\debundle\src\writeToDisk.spec.js
D:\Developments\debundle\debundle\src\writeToDisk.spec.js.map
D:\Developments\debundle\debundle\src\utils\getModuleLocation.spec.js
D:\Developments\debundle\debundle\src\utils\getModuleLocation.spec.js.map
D:\Developments\debundle\debundle\src\extern\replace-method\test-fixture.js
D:\Developments\debundle\debundle\src\extern\replace-method\test-fixture.js.map
D:\Developments\debundle\debundle\src\extern\replace-method\test.js
D:\Developments\debundle\debundle\src\extern\replace-method\test.js.map
D:\Developments\debundle\debundle\src\utils\getModulePath.js
D:\Developments\debundle\debundle\src\utils\getModulePath.js.map
D:\Developments\debundle\debundle\src\filePathResolver.js
D:\Developments\debundle\debundle\src\filePathResolver.js.map
D:\Developments\debundle\debundle\src\utils\convertToIntegerKey.js
D:\Developments\debundle\debundle\src\utils\convertToIntegerKey.js.map
D:\Developments\debundle\debundle\src\extern\replace-method\index.js
D:\Developments\debundle\debundle\src\extern\replace-method\index.js.map
D:\Developments\debundle\debundle\src\decoders\browserify.js
D:\Developments\debundle\debundle\src\decoders\browserify.js.map
D:\Developments\debundle\debundle\src\decoders\webpack.js
D:\Developments\debundle\debundle\src\decoders\webpack.js.map
D:\Developments\debundle\debundle\src\utils\getModuleLocation.js
D:\Developments\debundle\debundle\src\utils\getModuleLocation.js.map
D:\Developments\debundle\debundle\src\transformRequires.js
D:\Developments\debundle\debundle\src\transformRequires.js.map
D:\Developments\debundle\debundle\src\lookupTable.js
D:\Developments\debundle\debundle\src\lookupTable.js.map
D:\Developments\debundle\debundle\src\writeToDisk.js
D:\Developments\debundle\debundle\src\writeToDisk.js.map
D:\Developments\debundle\debundle\src\index.js
D:\Developments\debundle\debundle\src\index.js.map
D:\Developments\debundle\debundle\src\testHelpers.js
D:\Developments\debundle\debundle\src\testHelpers.js.map
D:\Developments\debundle\debundle\src\transformRequires.spec.js
D:\Developments\debundle\debundle\src\transformRequires.spec.js.map
D:\Developments\debundle\debundle\src\writeToDisk.spec.js
D:\Developments\debundle\debundle\src\writeToDisk.spec.js.map
D:\Developments\debundle\debundle\src\utils\getModuleLocation.spec.js
D:\Developments\debundle\debundle\src\utils\getModuleLocation.spec.js.map
D:\Developments\debundle\debundle\src\extern\replace-method\test-fixture.js
D:\Developments\debundle\debundle\src\extern\replace-method\test-fixture.js.map
D:\Developments\debundle\debundle\src\extern\replace-method\test.js
D:\Developments\debundle\debundle\src\extern\replace-method\test.js.map
D:\Developments\debundle\debundle\src\utils\getModulePath.js
D:\Developments\debundle\debundle\src\utils\getModulePath.js.map
D:\Developments\debundle\debundle\src\filePathResolver.js
D:\Developments\debundle\debundle\src\filePathResolver.js.map
D:\Developments\debundle\debundle\src\utils\convertToIntegerKey.js
D:\Developments\debundle\debundle\src\utils\convertToIntegerKey.js.map
D:\Developments\debundle\debundle\src\extern\replace-method\index.js
D:\Developments\debundle\debundle\src\extern\replace-method\index.js.map
D:\Developments\debundle\debundle\src\decoders\browserify.js
D:\Developments\debundle\debundle\src\decoders\browserify.js.map
D:\Developments\debundle\debundle\src\decoders\webpack.js
D:\Developments\debundle\debundle\src\decoders\webpack.js.map
D:\Developments\debundle\debundle\src\utils\getModuleLocation.js
D:\Developments\debundle\debundle\src\utils\getModuleLocation.js.map
D:\Developments\debundle\debundle\src\transformRequires.js
D:\Developments\debundle\debundle\src\transformRequires.js.map
D:\Developments\debundle\debundle\src\lookupTable.js
D:\Developments\debundle\debundle\src\lookupTable.js.map
D:\Developments\debundle\debundle\src\writeToDisk.js
D:\Developments\debundle\debundle\src\writeToDisk.js.map
D:\Developments\debundle\debundle\src\index.js
D:\Developments\debundle\debundle\src\index.js.map
D:\Developments\debundle\debundle\src\testHelpers.js
D:\Developments\debundle\debundle\src\testHelpers.js.map
D:\Developments\debundle\debundle\src\transformRequires.spec.js
D:\Developments\debundle\debundle\src\transformRequires.spec.js.map
D:\Developments\debundle\debundle\src\writeToDisk.spec.js
D:\Developments\debundle\debundle\src\writeToDisk.spec.js.map
D:\Developments\debundle\debundle\src\utils\getModuleLocation.spec.js
D:\Developments\debundle\debundle\src\utils\getModuleLocation.spec.js.map
D:\Developments\debundle\debundle\src\extern\replace-method\test-fixture.js
D:\Developments\debundle\debundle\src\extern\replace-method\test-fixture.js.map
D:\Developments\debundle\debundle\src\extern\replace-method\test.js
D:\Developments\debundle\debundle\src\extern\replace-method\test.js.map
D:\Developments\debundle\debundle\src\utils\getModulePath.js
D:\Developments\debundle\debundle\src\utils\getModulePath.js.map
D:\Developments\debundle\debundle\src\filePathResolver.js
D:\Developments\debundle\debundle\src\filePathResolver.js.map
D:\Developments\debundle\debundle\src\utils\convertToIntegerKey.js
D:\Developments\debundle\debundle\src\utils\convertToIntegerKey.js.map
D:\Developments\debundle\debundle\src\extern\replace-method\index.js
D:\Developments\debundle\debundle\src\extern\replace-method\index.js.map
D:\Developments\debundle\debundle\src\decoders\browserify.js
D:\Developments\debundle\debundle\src\decoders\browserify.js.map
D:\Developments\debundle\debundle\src\decoders\webpack.js
D:\Developments\debundle\debundle\src\decoders\webpack.js.map
D:\Developments\debundle\debundle\src\utils\getModuleLocation.js
D:\Developments\debundle\debundle\src\utils\getModuleLocation.js.map
D:\Developments\debundle\debundle\src\transformRequires.js
D:\Developments\debundle\debundle\src\transformRequires.js.map
D:\Developments\debundle\debundle\src\lookupTable.js
D:\Developments\debundle\debundle\src\lookupTable.js.map
D:\Developments\debundle\debundle\src\writeToDisk.js
D:\Developments\debundle\debundle\src\writeToDisk.js.map
D:\Developments\debundle\debundle\src\index.js
D:\Developments\debundle\debundle\src\index.js.map
D:\Developments\debundle\debundle\src\testHelpers.js
D:\Developments\debundle\debundle\src\testHelpers.js.map
D:\Developments\debundle\debundle\src\transformRequires.spec.js
D:\Developments\debundle\debundle\src\transformRequires.spec.js.map
D:\Developments\debundle\debundle\src\writeToDisk.spec.js
D:\Developments\debundle\debundle\src\writeToDisk.spec.js.map
D:\Developments\debundle\debundle\src\utils\getModuleLocation.spec.js
D:\Developments\debundle\debundle\src\utils\getModuleLocation.spec.js.map
D:\Developments\debundle\debundle\src\extern\replace-method\test-fixture.js
D:\Developments\debundle\debundle\src\extern\replace-method\test-fixture.js.map
D:\Developments\debundle\debundle\src\extern\replace-method\test.js
D:\Developments\debundle\debundle\src\extern\replace-method\test.js.map
D:\Developments\debundle\debundle\src\utils\getModulePath.js
D:\Developments\debundle\debundle\src\utils\getModulePath.js.map
D:\Developments\debundle\debundle\src\filePathResolver.js
D:\Developments\debundle\debundle\src\filePathResolver.js.map
D:\Developments\debundle\debundle\src\utils\convertToIntegerKey.js
D:\Developments\debundle\debundle\src\utils\convertToIntegerKey.js.map
D:\Developments\debundle\debundle\src\extern\replace-method\index.js
D:\Developments\debundle\debundle\src\extern\replace-method\index.js.map
D:\Developments\debundle\debundle\src\decoders\browserify.js
D:\Developments\debundle\debundle\src\decoders\browserify.js.map
D:\Developments\debundle\debundle\src\decoders\webpack.js
D:\Developments\debundle\debundle\src\decoders\webpack.js.map
D:\Developments\debundle\debundle\src\utils\getModuleLocation.js
D:\Developments\debundle\debundle\src\utils\getModuleLocation.js.map
D:\Developments\debundle\debundle\src\transformRequires.js
D:\Developments\debundle\debundle\src\transformRequires.js.map
D:\Developments\debundle\debundle\src\lookupTable.js
D:\Developments\debundle\debundle\src\lookupTable.js.map
D:\Developments\debundle\debundle\src\writeToDisk.js
D:\Developments\debundle\debundle\src\writeToDisk.js.map
D:\Developments\debundle\debundle\src\index.js
D:\Developments\debundle\debundle\src\index.js.map
D:\Developments\debundle\debundle\src\testHelpers.js
D:\Developments\debundle\debundle\src\testHelpers.js.map
D:\Developments\debundle\debundle\src\transformRequires.spec.js
D:\Developments\debundle\debundle\src\transformRequires.spec.js.map
D:\Developments\debundle\debundle\src\writeToDisk.spec.js
D:\Developments\debundle\debundle\src\writeToDisk.spec.js.map
D:\Developments\debundle\debundle\src\utils\getModuleLocation.spec.js
D:\Developments\debundle\debundle\src\utils\getModuleLocation.spec.js.map
D:\Developments\debundle\debundle\src\extern\replace-method\test-fixture.js
D:\Developments\debundle\debundle\src\extern\replace-method\test-fixture.js.map
D:\Developments\debundle\debundle\src\extern\replace-method\test.js
D:\Developments\debundle\debundle\src\extern\replace-method\test.js.map
D:\Developments\debundle\debundle\src\utils\getModulePath.js
D:\Developments\debundle\debundle\src\utils\getModulePath.js.map
D:\Developments\debundle\debundle\src\filePathResolver.js
D:\Developments\debundle\debundle\src\filePathResolver.js.map
D:\Developments\debundle\debundle\src\utils\convertToIntegerKey.js
D:\Developments\debundle\debundle\src\utils\convertToIntegerKey.js.map
D:\Developments\debundle\debundle\src\extern\replace-method\index.js
D:\Developments\debundle\debundle\src\extern\replace-method\index.js.map
D:\Developments\debundle\debundle\src\decoders\browserify.js
D:\Developments\debundle\debundle\src\decoders\browserify.js.map
D:\Developments\debundle\debundle\src\decoders\webpack.js
D:\Developments\debundle\debundle\src\decoders\webpack.js.map
D:\Developments\debundle\debundle\src\utils\getModuleLocation.js
D:\Developments\debundle\debundle\src\utils\getModuleLocation.js.map
D:\Developments\debundle\debundle\src\transformRequires.js
D:\Developments\debundle\debundle\src\transformRequires.js.map
D:\Developments\debundle\debundle\src\lookupTable.js
D:\Developments\debundle\debundle\src\lookupTable.js.map
D:\Developments\debundle\debundle\src\writeToDisk.js
D:\Developments\debundle\debundle\src\writeToDisk.js.map
D:\Developments\debundle\debundle\src\index.js
D:\Developments\debundle\debundle\src\index.js.map
D:\Developments\debundle\debundle\src\testHelpers.js
D:\Developments\debundle\debundle\src\testHelpers.js.map
D:\Developments\debundle\debundle\src\transformRequires.spec.js
D:\Developments\debundle\debundle\src\transformRequires.spec.js.map
D:\Developments\debundle\debundle\src\writeToDisk.spec.js
D:\Developments\debundle\debundle\src\writeToDisk.spec.js.map
D:\Developments\debundle\debundle\src\utils\getModuleLocation.spec.js
D:\Developments\debundle\debundle\src\utils\getModuleLocation.spec.js.map
D:\Developments\debundle\debundle\src\extern\replace-method\test-fixture.js
D:\Developments\debundle\debundle\src\extern\replace-method\test-fixture.js.map
D:\Developments\debundle\debundle\src\extern\replace-method\test.js
D:\Developments\debundle\debundle\src\extern\replace-method\test.js.map
D:\Developments\debundle\debundle\src\utils\getModulePath.js
D:\Developments\debundle\debundle\src\utils\getModulePath.js.map
D:\Developments\debundle\debundle\src\filePathResolver.js
D:\Developments\debundle\debundle\src\filePathResolver.js.map
D:\Developments\debundle\debundle\src\utils\convertToIntegerKey.js
D:\Developments\debundle\debundle\src\utils\convertToIntegerKey.js.map
D:\Developments\debundle\debundle\src\extern\replace-method\index.js
D:\Developments\debundle\debundle\src\extern\replace-method\index.js.map
D:\Developments\debundle\debundle\src\decoders\browserify.js
D:\Developments\debundle\debundle\src\decoders\browserify.js.map
D:\Developments\debundle\debundle\src\decoders\webpack.js
D:\Developments\debundle\debundle\src\decoders\webpack.js.map
D:\Developments\debundle\debundle\src\utils\getModuleLocation.js
D:\Developments\debundle\debundle\src\utils\getModuleLocation.js.map
D:\Developments\debundle\debundle\src\transformRequires.js
D:\Developments\debundle\debundle\src\transformRequires.js.map
D:\Developments\debundle\debundle\src\lookupTable.js
D:\Developments\debundle\debundle\src\lookupTable.js.map
D:\Developments\debundle\debundle\src\writeToDisk.js
D:\Developments\debundle\debundle\src\writeToDisk.js.map
D:\Developments\debundle\debundle\src\index.js
D:\Developments\debundle\debundle\src\index.js.map
D:\Developments\debundle\debundle\src\testHelpers.js
D:\Developments\debundle\debundle\src\testHelpers.js.map
D:\Developments\debundle\debundle\src\transformRequires.spec.js
D:\Developments\debundle\debundle\src\transformRequires.spec.js.map
D:\Developments\debundle\debundle\src\writeToDisk.spec.js
D:\Developments\debundle\debundle\src\writeToDisk.spec.js.map
D:\Developments\debundle\debundle\src\utils\getModuleLocation.spec.js
D:\Developments\debundle\debundle\src\utils\getModuleLocation.spec.js.map
D:\Developments\debundle\debundle\src\extern\replace-method\test-fixture.js
D:\Developments\debundle\debundle\src\extern\replace-method\test-fixture.js.map
D:\Developments\debundle\debundle\src\extern\replace-method\test.js
D:\Developments\debundle\debundle\src\extern\replace-method\test.js.map
D:\Developments\debundle\debundle\src\utils\getModulePath.js
D:\Developments\debundle\debundle\src\utils\getModulePath.js.map
D:\Developments\debundle\debundle\src\filePathResolver.js
D:\Developments\debundle\debundle\src\filePathResolver.js.map
D:\Developments\debundle\debundle\src\utils\convertToIntegerKey.js
D:\Developments\debundle\debundle\src\utils\convertToIntegerKey.js.map
D:\Developments\debundle\debundle\src\extern\replace-method\index.js
D:\Developments\debundle\debundle\src\extern\replace-method\index.js.map
D:\Developments\debundle\debundle\src\decoders\browserify.js
D:\Developments\debundle\debundle\src\decoders\browserify.js.map
D:\Developments\debundle\debundle\src\decoders\webpack.js
D:\Developments\debundle\debundle\src\decoders\webpack.js.map
D:\Developments\debundle\debundle\src\utils\getModuleLocation.js
D:\Developments\debundle\debundle\src\utils\getModuleLocation.js.map
D:\Developments\debundle\debundle\src\transformRequires.js
D:\Developments\debundle\debundle\src\transformRequires.js.map
D:\Developments\debundle\debundle\src\lookupTable.js
D:\Developments\debundle\debundle\src\lookupTable.js.map
D:\Developments\debundle\debundle\src\writeToDisk.js
D:\Developments\debundle\debundle\src\writeToDisk.js.map
D:\Developments\debundle\debundle\src\index.js
D:\Developments\debundle\debundle\src\index.js.map
D:\Developments\debundle\debundle\src\testHelpers.js
D:\Developments\debundle\debundle\src\testHelpers.js.map
D:\Developments\debundle\debundle\src\transformRequires.spec.js
D:\Developments\debundle\debundle\src\transformRequires.spec.js.map
D:\Developments\debundle\debundle\src\writeToDisk.spec.js
D:\Developments\debundle\debundle\src\writeToDisk.spec.js.map
D:\Developments\debundle\debundle\src\utils\getModuleLocation.spec.js
D:\Developments\debundle\debundle\src\utils\getModuleLocation.spec.js.map
D:\Developments\debundle\debundle\src\extern\replace-method\test-fixture.js
D:\Developments\debundle\debundle\src\extern\replace-method\test-fixture.js.map
D:\Developments\debundle\debundle\src\extern\replace-method\test.js
D:\Developments\debundle\debundle\src\extern\replace-method\test.js.map
D:\Developments\debundle\debundle\src\utils\getModulePath.js
D:\Developments\debundle\debundle\src\utils\getModulePath.js.map
D:\Developments\debundle\debundle\src\filePathResolver.js
D:\Developments\debundle\debundle\src\filePathResolver.js.map
D:\Developments\debundle\debundle\src\utils\convertToIntegerKey.js
D:\Developments\debundle\debundle\src\utils\convertToIntegerKey.js.map
D:\Developments\debundle\debundle\src\extern\replace-method\index.js
D:\Developments\debundle\debundle\src\extern\replace-method\index.js.map
D:\Developments\debundle\debundle\src\decoders\browserify.js
D:\Developments\debundle\debundle\src\decoders\browserify.js.map
D:\Developments\debundle\debundle\src\decoders\webpack.js
D:\Developments\debundle\debundle\src\decoders\webpack.js.map
D:\Developments\debundle\debundle\src\utils\getModuleLocation.js
D:\Developments\debundle\debundle\src\utils\getModuleLocation.js.map
D:\Developments\debundle\debundle\src\transformRequires.js
D:\Developments\debundle\debundle\src\transformRequires.js.map
D:\Developments\debundle\debundle\src\lookupTable.js
D:\Developments\debundle\debundle\src\lookupTable.js.map
D:\Developments\debundle\debundle\src\writeToDisk.js
D:\Developments\debundle\debundle\src\writeToDisk.js.map
D:\Developments\debundle\debundle\src\index.js
D:\Developments\debundle\debundle\src\index.js.map
D:\Developments\debundle\debundle\src\testHelpers.js
D:\Developments\debundle\debundle\src\testHelpers.js.map
D:\Developments\debundle\debundle\src\transformRequires.spec.js
D:\Developments\debundle\debundle\src\transformRequires.spec.js.map
D:\Developments\debundle\debundle\src\writeToDisk.spec.js
D:\Developments\debundle\debundle\src\writeToDisk.spec.js.map
D:\Developments\debundle\debundle\src\utils\getModuleLocation.spec.js
D:\Developments\debundle\debundle\src\utils\getModuleLocation.spec.js.map
D:\Developments\debundle\debundle\src\extern\replace-method\test-fixture.js
D:\Developments\debundle\debundle\src\extern\replace-method\test-fixture.js.map
D:\Developments\debundle\debundle\src\extern\replace-method\test.js
D:\Developments\debundle\debundle\src\extern\replace-method\test.js.map
D:\Developments\debundle\debundle\src\utils\getModulePath.js
D:\Developments\debundle\debundle\src\utils\getModulePath.js.map
D:\Developments\debundle\debundle\src\filePathResolver.js
D:\Developments\debundle\debundle\src\filePathResolver.js.map
D:\Developments\debundle\debundle\src\utils\convertToIntegerKey.js
D:\Developments\debundle\debundle\src\utils\convertToIntegerKey.js.map
D:\Developments\debundle\debundle\src\extern\replace-method\index.js
D:\Developments\debundle\debundle\src\extern\replace-method\index.js.map
D:\Developments\debundle\debundle\src\decoders\browserify.js
D:\Developments\debundle\debundle\src\decoders\browserify.js.map
D:\Developments\debundle\debundle\src\decoders\webpack.js
D:\Developments\debundle\debundle\src\decoders\webpack.js.map
D:\Developments\debundle\debundle\src\utils\getModuleLocation.js
D:\Developments\debundle\debundle\src\utils\getModuleLocation.js.map
D:\Developments\debundle\debundle\src\transformRequires.js
D:\Developments\debundle\debundle\src\transformRequires.js.map
D:\Developments\debundle\debundle\src\lookupTable.js
D:\Developments\debundle\debundle\src\lookupTable.js.map
D:\Developments\debundle\debundle\src\writeToDisk.js
D:\Developments\debundle\debundle\src\writeToDisk.js.map
D:\Developments\debundle\debundle\src\index.js
D:\Developments\debundle\debundle\src\index.js.map
D:\Developments\debundle\debundle\src\testHelpers.js
D:\Developments\debundle\debundle\src\testHelpers.js.map
D:\Developments\debundle\debundle\src\transformRequires.spec.js
D:\Developments\debundle\debundle\src\transformRequires.spec.js.map
D:\Developments\debundle\debundle\src\writeToDisk.spec.js
D:\Developments\debundle\debundle\src\writeToDisk.spec.js.map
D:\Developments\debundle\debundle\src\utils\getModuleLocation.spec.js
D:\Developments\debundle\debundle\src\utils\getModuleLocation.spec.js.map
D:\Developments\debundle\debundle\src\extern\replace-method\test-fixture.js
D:\Developments\debundle\debundle\src\extern\replace-method\test-fixture.js.map
D:\Developments\debundle\debundle\src\extern\replace-method\test.js
D:\Developments\debundle\debundle\src\extern\replace-method\test.js.map
D:\Developments\debundle\debundle\src\utils\getModulePath.js
D:\Developments\debundle\debundle\src\utils\getModulePath.js.map
D:\Developments\debundle\debundle\src\filePathResolver.js
D:\Developments\debundle\debundle\src\filePathResolver.js.map
D:\Developments\debundle\debundle\src\utils\convertToIntegerKey.js
D:\Developments\debundle\debundle\src\utils\convertToIntegerKey.js.map
D:\Developments\debundle\debundle\src\extern\replace-method\index.js
D:\Developments\debundle\debundle\src\extern\replace-method\index.js.map
D:\Developments\debundle\debundle\src\decoders\browserify.js
D:\Developments\debundle\debundle\src\decoders\browserify.js.map
D:\Developments\debundle\debundle\src\decoders\webpack.js
D:\Developments\debundle\debundle\src\decoders\webpack.js.map
D:\Developments\debundle\debundle\src\utils\getModuleLocation.js
D:\Developments\debundle\debundle\src\utils\getModuleLocation.js.map
D:\Developments\debundle\debundle\src\transformRequires.js
D:\Developments\debundle\debundle\src\transformRequires.js.map
D:\Developments\debundle\debundle\src\lookupTable.js
D:\Developments\debundle\debundle\src\lookupTable.js.map
D:\Developments\debundle\debundle\src\writeToDisk.js
D:\Developments\debundle\debundle\src\writeToDisk.js.map
D:\Developments\debundle\debundle\src\index.js
D:\Developments\debundle\debundle\src\index.js.map
D:\Developments\debundle\debundle\src\testHelpers.js
D:\Developments\debundle\debundle\src\testHelpers.js.map
D:\Developments\debundle\debundle\src\transformRequires.spec.js
D:\Developments\debundle\debundle\src\transformRequires.spec.js.map
D:\Developments\debundle\debundle\src\writeToDisk.spec.js
D:\Developments\debundle\debundle\src\writeToDisk.spec.js.map
D:\Developments\debundle\debundle\src\utils\getModuleLocation.spec.js
D:\Developments\debundle\debundle\src\utils\getModuleLocation.spec.js.map
D:\Developments\debundle\debundle\src\extern\replace-method\test-fixture.js
D:\Developments\debundle\debundle\src\extern\replace-method\test-fixture.js.map
D:\Developments\debundle\debundle\src\extern\replace-method\test.js
D:\Developments\debundle\debundle\src\extern\replace-method\test.js.map
